time="2019-09-26T18:31:38+08:00" level=info msg="websocket: close 1001 (going away)" func="go-copy-samba/websocket.websocketServe()" file="websocket/server.go:46"
time="2019-09-26T18:31:42+08:00" level=info msg="websocket: close 1001 (going away)" func="go-copy-samba/websocket.websocketServe()" file="websocket/server.go:46"
time="2019-09-26T18:31:55+08:00" level=info msg="websocket: close 1001 (going away)" func="go-copy-samba/websocket.websocketServe()" file="websocket/server.go:46"
time="2019-09-26T18:32:51+08:00" level=info msg="websocket: close 1001 (going away)" func="go-copy-samba/websocket.websocketServe()" file="websocket/server.go:46"
time="2019-09-26T18:34:19+08:00" level=info msg="websocket: close 1001 (going away)" func="go-copy-samba/websocket.websocketServe()" file="websocket/server.go:46"
time="2019-09-26T18:34:33+08:00" level=info msg="websocket: close 1001 (going away)" func="go-copy-samba/websocket.websocketServe()" file="websocket/server.go:46"
time="2019-09-26T18:34:45+08:00" level=info msg="websocket: close 1001 (going away)" func="go-copy-samba/websocket.websocketServe()" file="websocket/server.go:46"
time="2019-09-26T18:35:11+08:00" level=info msg="websocket: close 1001 (going away)" func="go-copy-samba/websocket.websocketServe()" file="websocket/server.go:46"
time="2019-09-26T18:36:22+08:00" level=info msg="websocket: close 1001 (going away)" func="go-copy-samba/websocket.websocketServe()" file="websocket/server.go:46"
time="2019-09-26T18:37:08+08:00" level=info msg="websocket: close 1001 (going away)" func="go-copy-samba/websocket.websocketServe()" file="websocket/server.go:46"
time="2019-09-26T18:42:48+08:00" level=info msg="websocket: close 1001 (going away)" func="go-copy-samba/websocket.websocketServe()" file="websocket/server.go:46"
time="2019-09-26T18:42:58+08:00" level=info msg="websocket: close 1001 (going away)" func="go-copy-samba/websocket.websocketServe()" file="websocket/server.go:46"
time="2019-09-26T18:43:15+08:00" level=info msg="websocket: close 1001 (going away)" func="go-copy-samba/websocket.websocketServe()" file="websocket/server.go:46"
time="2019-09-26T18:43:22+08:00" level=debug msg="Debugging query: SELECT * FROM file_task  ORDER BY task_id DESC" func="go-copy-samba/client/models.FindListByTaskId()" file="models/op.go:27"
time="2019-09-26T18:43:26+08:00" level=debug msg="Debugging query: SELECT * FROM file_task  ORDER BY task_id DESC" func="go-copy-samba/client/models.FindListByTaskId()" file="models/op.go:27"
time="2019-09-26T18:46:00+08:00" level=info msg="websocket: close 1001 (going away)" func="go-copy-samba/websocket.websocketServe()" file="websocket/server.go:46"
time="2019-09-26T19:48:23+08:00" level=info msg="websocket: close 1006 (abnormal closure): unexpected EOF" func="go-copy-samba/websocket.websocketServe()" file="websocket/server.go:46"
time="2019-09-26T20:24:33+08:00" level=info msg="websocket: close 1001 (going away)" func="go-copy-samba/websocket.websocketServe()" file="websocket/server.go:46"
time="2019-09-26T20:25:55+08:00" level=info msg="websocket: close 1001 (going away)" func="go-copy-samba/websocket.websocketServe()" file="websocket/server.go:46"
time="2019-09-26T20:26:35+08:00" level=info msg="websocket: close 1001 (going away)" func="go-copy-samba/websocket.websocketServe()" file="websocket/server.go:46"
time="2019-09-27T10:28:48+08:00" level=info msg="websocket: close 1001 (going away)" func="go-copy-samba/websocket.websocketServe()" file="websocket/server.go:46"
time="2019-09-27T10:38:39+08:00" level=info msg="websocket: close 1001 (going away)" func="go-copy-samba/websocket.websocketServe()" file="websocket/server.go:46"
time="2019-09-27T10:46:26+08:00" level=info msg="websocket: close 1001 (going away)" func="go-copy-samba/websocket.websocketServe()" file="websocket/server.go:46"
time="2019-09-27T10:49:45+08:00" level=info msg="websocket: close 1001 (going away)" func="go-copy-samba/websocket.websocketServe()" file="websocket/server.go:46"
time="2019-09-27T11:09:07+08:00" level=debug msg="Debugging query: SELECT * FROM file_task  ORDER BY task_id DESC" func="go-copy-samba/client/models.FindListByTaskId()" file="models/op.go:27"
time="2019-09-27T11:13:16+08:00" level=debug msg="Debugging query: SELECT * FROM file_task  ORDER BY task_id DESC" func="go-copy-samba/client/models.FindListByTaskId()" file="models/op.go:27"
time="2019-09-27T11:19:24+08:00" level=debug msg="Debugging query: SELECT * FROM file_task  ORDER BY task_id DESC" func="go-copy-samba/client/models.FindListByTaskId()" file="models/op.go:27"
time="2019-09-27T11:19:28+08:00" level=debug msg="Debugging query: SELECT * FROM file_task  ORDER BY task_id DESC" func="go-copy-samba/client/models.FindListByTaskId()" file="models/op.go:27"
time="2019-09-27T11:20:15+08:00" level=debug msg="Debugging query: SELECT * FROM file_task  ORDER BY task_id DESC" func="go-copy-samba/client/models.FindListByTaskId()" file="models/op.go:27"
time="2019-09-27T11:20:53+08:00" level=debug msg="Debugging query: SELECT * FROM file_task  ORDER BY task_id DESC" func="go-copy-samba/client/models.FindListByTaskId()" file="models/op.go:27"
time="2019-09-27T11:20:58+08:00" level=info msg="websocket: close 1001 (going away)" func="go-copy-samba/websocket.websocketServe()" file="websocket/server.go:46"
time="2019-09-27T11:21:30+08:00" level=info msg="websocket: close 1001 (going away)" func="go-copy-samba/websocket.websocketServe()" file="websocket/server.go:46"
time="2019-09-27T11:21:48+08:00" level=debug msg="Debugging query: SELECT * FROM file_task  ORDER BY task_id DESC" func="go-copy-samba/client/models.FindListByTaskId()" file="models/op.go:27"
time="2019-09-27T11:22:10+08:00" level=info msg="websocket: close 1001 (going away)" func="go-copy-samba/websocket.websocketServe()" file="websocket/server.go:46"
time="2019-09-27T11:22:11+08:00" level=debug msg="Debugging query: SELECT * FROM file_task  ORDER BY task_id DESC" func="go-copy-samba/client/models.FindListByTaskId()" file="models/op.go:27"
time="2019-09-27T11:25:24+08:00" level=debug msg="Debugging query: SELECT * FROM file_task  ORDER BY task_id DESC" func="go-copy-samba/client/models.FindListByTaskId()" file="models/op.go:27"
time="2019-09-27T11:25:33+08:00" level=debug msg="Debugging query: SELECT * FROM file_task  ORDER BY task_id DESC" func="go-copy-samba/client/models.FindListByTaskId()" file="models/op.go:27"
time="2019-09-27T11:25:56+08:00" level=debug msg="Debugging query: SELECT * FROM file_task  ORDER BY task_id DESC" func="go-copy-samba/client/models.FindListByTaskId()" file="models/op.go:27"
time="2019-09-27T11:26:48+08:00" level=info msg="websocket: close 1001 (going away)" func="go-copy-samba/websocket.websocketServe()" file="websocket/server.go:46"
time="2019-09-27T11:27:01+08:00" level=debug msg="Debugging query: SELECT * FROM file_task  ORDER BY task_id DESC" func="go-copy-samba/client/models.FindListByTaskId()" file="models/op.go:27"
time="2019-09-27T11:27:07+08:00" level=info msg="websocket: close 1001 (going away)" func="go-copy-samba/websocket.websocketServe()" file="websocket/server.go:46"
time="2019-09-27T11:27:08+08:00" level=debug msg="Debugging query: SELECT * FROM file_task  ORDER BY task_id DESC" func="go-copy-samba/client/models.FindListByTaskId()" file="models/op.go:27"
time="2019-09-27T11:27:42+08:00" level=debug msg="Debugging query: SELECT * FROM file_task  ORDER BY task_id DESC" func="go-copy-samba/client/models.FindListByTaskId()" file="models/op.go:27"
time="2019-09-27T11:28:41+08:00" level=info msg="websocket: close 1001 (going away)" func="go-copy-samba/websocket.websocketServe()" file="websocket/server.go:46"
time="2019-09-27T11:28:42+08:00" level=debug msg="Debugging query: SELECT * FROM file_task  ORDER BY task_id DESC" func="go-copy-samba/client/models.FindListByTaskId()" file="models/op.go:27"
time="2019-09-27T11:28:54+08:00" level=info msg="websocket: close 1001 (going away)" func="go-copy-samba/websocket.websocketServe()" file="websocket/server.go:46"
time="2019-09-27T11:28:55+08:00" level=debug msg="Debugging query: SELECT * FROM file_task  ORDER BY task_id DESC" func="go-copy-samba/client/models.FindListByTaskId()" file="models/op.go:27"
time="2019-09-27T11:29:14+08:00" level=debug msg="Debugging query: SELECT * FROM file_task  ORDER BY task_id DESC" func="go-copy-samba/client/models.FindListByTaskId()" file="models/op.go:27"
time="2019-09-27T11:30:09+08:00" level=debug msg="Debugging query: SELECT * FROM file_task  ORDER BY task_id DESC" func="go-copy-samba/client/models.FindListByTaskId()" file="models/op.go:27"
time="2019-09-27T11:30:11+08:00" level=debug msg="Debugging query: SELECT * FROM file_task  ORDER BY task_id DESC" func="go-copy-samba/client/models.FindListByTaskId()" file="models/op.go:27"
time="2019-09-27T11:30:24+08:00" level=info msg="websocket: close 1001 (going away)" func="go-copy-samba/websocket.websocketServe()" file="websocket/server.go:46"
time="2019-09-27T11:30:25+08:00" level=debug msg="Debugging query: SELECT * FROM file_task  ORDER BY task_id DESC" func="go-copy-samba/client/models.FindListByTaskId()" file="models/op.go:27"
time="2019-09-27T11:30:34+08:00" level=debug msg="Debugging query: SELECT * FROM file_task  ORDER BY task_id DESC" func="go-copy-samba/client/models.FindListByTaskId()" file="models/op.go:27"
time="2019-09-27T11:30:40+08:00" level=debug msg="Debugging query: SELECT * FROM file_task  ORDER BY task_id DESC" func="go-copy-samba/client/models.FindListByTaskId()" file="models/op.go:27"
time="2019-09-27T11:31:54+08:00" level=debug msg="Debugging query: SELECT * FROM file_task  ORDER BY task_id DESC" func="go-copy-samba/client/models.FindListByTaskId()" file="models/op.go:27"
time="2019-09-27T11:32:36+08:00" level=debug msg="Debugging query: SELECT * FROM file_task  ORDER BY task_id DESC" func="go-copy-samba/client/models.FindListByTaskId()" file="models/op.go:27"
time="2019-09-27T11:32:46+08:00" level=info func="go-copy-samba/websocket.(*Message).Login()" file="websocket/msg.go:20" act=login code=5100 message="act-login is calling: {\"cmd\":\"login\",\"opt\":{\"list\":[{\"addr\":\"smb://10.10.1.196/storage\",\"username\":\"smb\",\"password\":\"12345678\"}]},\"request_id\":\"app_transfer_5\"}"
time="2019-09-27T11:32:46+08:00" level=debug msg="Command: \"net use B: \\\\10.10.1.196\\storage 12345678 /user:smb\"" func="go-copy-samba/util.Exec2()" file="util/file.go:16"
time="2019-09-27T11:36:00+08:00" level=info msg="websocket: close 1001 (going away)" func="go-copy-samba/websocket.websocketServe()" file="websocket/server.go:46"
time="2019-09-27T11:36:13+08:00" level=debug msg="Debugging query: SELECT * FROM file_task  ORDER BY task_id DESC" func="go-copy-samba/client/models.FindListByTaskId()" file="models/op.go:27"
time="2019-09-27T11:36:15+08:00" level=debug msg="Debugging query: SELECT * FROM file_task  ORDER BY task_id DESC" func="go-copy-samba/client/models.FindListByTaskId()" file="models/op.go:27"
time="2019-09-27T11:36:52+08:00" level=info msg="websocket: close 1001 (going away)" func="go-copy-samba/websocket.websocketServe()" file="websocket/server.go:46"
time="2019-09-27T11:36:55+08:00" level=info msg="websocket: close 1001 (going away)" func="go-copy-samba/websocket.websocketServe()" file="websocket/server.go:46"
time="2019-09-27T13:24:00+08:00" level=info msg="websocket: close 1001 (going away)" func="go-copy-samba/websocket.websocketServe()" file="websocket/server.go:46"
time="2019-09-27T13:24:36+08:00" level=info func="go-copy-samba/websocket.(*Message).Login()" file="websocket/msg.go:20" act=login code=5100 message="act-login is calling: {\"cmd\":\"login\",\"opt\":{\"list\":[{\"addr\":\"smb://10.10.1.196/storage\",\"username\":\"smb\",\"password\":\"123456\"}]},\"request_id\":\"app_transfer_2\"}"
time="2019-09-27T13:26:24+08:00" level=debug msg="Debugging query: SELECT * FROM file_task  ORDER BY task_id DESC" func="go-copy-samba/client/models.FindListByTaskId()" file="models/op.go:27"
time="2019-09-27T13:29:37+08:00" level=debug msg="Debugging query: SELECT * FROM file_task  ORDER BY task_id DESC" func="go-copy-samba/client/models.FindListByTaskId()" file="models/op.go:27"
time="2019-09-27T13:29:38+08:00" level=debug msg="Debugging query: SELECT * FROM file_task  ORDER BY task_id DESC" func="go-copy-samba/client/models.FindListByTaskId()" file="models/op.go:27"
time="2019-09-27T13:53:54+08:00" level=debug msg="Debugging query: SELECT * FROM file_task  ORDER BY task_id DESC" func="go-copy-samba/client/models.FindListByTaskId()" file="models/op.go:27"
time="2019-09-27T14:05:37+08:00" level=info msg="websocket: close 1001 (going away)" func="go-copy-samba/websocket.websocketServe()" file="websocket/server.go:46"
time="2019-09-27T14:05:49+08:00" level=info msg="websocket: close 1001 (going away)" func="go-copy-samba/websocket.websocketServe()" file="websocket/server.go:46"
time="2019-09-27T14:06:51+08:00" level=info msg="websocket: close 1001 (going away)" func="go-copy-samba/websocket.websocketServe()" file="websocket/server.go:46"
time="2019-09-27T14:07:01+08:00" level=info func="go-copy-samba/websocket.(*Message).Login()" file="websocket/msg.go:20" act=login code=5100 message="act-login is calling: {\"cmd\":\"login\",\"opt\":{\"list\":[{\"addr\":\"smb://10.10.1.196/storage\",\"username\":\"smb\",\"password\":\"123456\"}]},\"request_id\":\"app_transfer_1\"}"
time="2019-09-27T14:08:04+08:00" level=debug msg="Command: \"net use A: \\\\10.10.1.196\\storage 123456 /user:smb\"" func="go-copy-samba/util.Exec2()" file="util/file.go:16"
time="2019-09-27T14:08:28+08:00" level=info func="go-copy-samba/websocket.(*Message).Login()" file="websocket/msg.go:20" act=login code=5100 message="act-login is calling: {\"cmd\":\"login\",\"opt\":{\"list\":[{\"addr\":\"smb://10.10.1.196/storage\",\"username\":\"smb\",\"password\":\"123456\"}]},\"request_id\":\"app_transfer_1\"}"
time="2019-09-27T14:08:28+08:00" level=debug msg="Command: \"net use A: \\\\10.10.1.196\\storage 123456 /user:smb\"" func="go-copy-samba/util.Exec2()" file="util/file.go:16"
time="2019-09-27T14:11:00+08:00" level=info func="go-copy-samba/websocket.(*Message).Login()" file="websocket/msg.go:20" act=login code=5100 message="act-login is calling: {\"cmd\":\"login\",\"opt\":{\"list\":[{\"addr\":\"smb://10.10.1.196/storage\",\"username\":\"smb\",\"password\":\"123456\"}]},\"request_id\":\"app_transfer_1\"}"
time="2019-09-27T14:11:00+08:00" level=debug msg="Command: \"net use A: \\\\10.10.1.196\\storage 123456 /user:smb\"" func="go-copy-samba/util.Exec2()" file="util/file.go:16"
time="2019-09-27T14:13:30+08:00" level=info func="go-copy-samba/websocket.(*Message).Login()" file="websocket/msg.go:20" act=login code=5100 message="act-login is calling: {\"cmd\":\"login\",\"opt\":{\"list\":[{\"addr\":\"smb://10.10.1.196/storage\",\"username\":\"smb\",\"password\":\"123456\"}]},\"request_id\":\"app_transfer_1\"}"
time="2019-09-27T14:13:30+08:00" level=debug msg="Command: \"net use A: \\\\10.10.1.196\\storage 123456 /user:smb\"" func="go-copy-samba/util.Exec2()" file="util/file.go:16"
time="2019-09-27T14:13:30+08:00" level=info msg="mount built has succeeded" func="go-copy-samba/util.WinMount()" file="util/win.go:63"
time="2019-09-27T14:13:30+08:00" level=debug msg="Command: \"reg add \"HKCU\\Software\\Microsoft\\Windows\\CurrentVersion\\Explorer\\MountPoints2\\##10.10.1.196#storage\" /f /v \"_LabelFromReg\" /t REG_SZ /d \"\"\"" func="go-copy-samba/util.Exec2()" file="util/file.go:16"
time="2019-09-27T14:13:30+08:00" level=debug msg="Debugging query: SELECT * FROM file_task  ORDER BY task_id DESC" func="go-copy-samba/client/models.FindListByTaskId()" file="models/op.go:27"
time="2019-09-27T14:13:30+08:00" level=error msg="rows scanning: sql: Scan error on column index 7, name \"total_size\": converting NULL to int64 is unsupported" func="go-copy-samba/client/models.FindListByTaskId()" file="models/op.go:33"
time="2019-09-27T14:13:30+08:00" level=error msg="rows scanning: sql: Scan error on column index 7, name \"total_size\": converting NULL to int64 is unsupported" func="go-copy-samba/client/models.FindListByTaskId()" file="models/op.go:33"
time="2019-09-27T14:13:30+08:00" level=error msg="rows scanning: sql: Scan error on column index 7, name \"total_size\": converting NULL to int64 is unsupported" func="go-copy-samba/client/models.FindListByTaskId()" file="models/op.go:33"
time="2019-09-27T14:13:30+08:00" level=error msg="rows scanning: sql: Scan error on column index 7, name \"total_size\": converting NULL to int64 is unsupported" func="go-copy-samba/client/models.FindListByTaskId()" file="models/op.go:33"
time="2019-09-27T14:13:30+08:00" level=error msg="rows scanning: sql: Scan error on column index 7, name \"total_size\": converting NULL to int64 is unsupported" func="go-copy-samba/client/models.FindListByTaskId()" file="models/op.go:33"
time="2019-09-27T14:13:30+08:00" level=error msg="rows scanning: sql: Scan error on column index 7, name \"total_size\": converting NULL to int64 is unsupported" func="go-copy-samba/client/models.FindListByTaskId()" file="models/op.go:33"
time="2019-09-27T14:13:30+08:00" level=error msg="rows scanning: sql: Scan error on column index 7, name \"total_size\": converting NULL to int64 is unsupported" func="go-copy-samba/client/models.FindListByTaskId()" file="models/op.go:33"
time="2019-09-27T14:13:30+08:00" level=error msg="rows scanning: sql: Scan error on column index 7, name \"total_size\": converting NULL to int64 is unsupported" func="go-copy-samba/client/models.FindListByTaskId()" file="models/op.go:33"
time="2019-09-27T14:13:30+08:00" level=error msg="rows scanning: sql: Scan error on column index 7, name \"total_size\": converting NULL to int64 is unsupported" func="go-copy-samba/client/models.FindListByTaskId()" file="models/op.go:33"
time="2019-09-27T14:21:18+08:00" level=info msg="websocket: close 1001 (going away)" func="go-copy-samba/websocket.websocketServe()" file="websocket/server.go:46"
time="2019-09-27T14:23:56+08:00" level=info func="go-copy-samba/websocket.(*Message).Login()" file="websocket/msg.go:20" act=login code=5100 message="act-login is calling: {\"cmd\":\"login\",\"opt\":{\"list\":[{\"addr\":\"smb://10.10.1.196/storage\",\"username\":\"smb\",\"password\":\"123456\"}]},\"request_id\":\"app_transfer_1\"}"
time="2019-09-27T14:33:07+08:00" level=info func="go-copy-samba/websocket.(*Message).Login()" file="websocket/msg.go:20" act=login code=5100 message="act-login is calling: {\"cmd\":\"login\",\"opt\":{\"list\":[{\"addr\":\"smb://10.10.1.196/storage\",\"username\":\"smb\",\"password\":\"123456\"}]},\"request_id\":\"app_transfer_1\"}"
time="2019-09-27T14:33:07+08:00" level=debug msg="Debugging query: SELECT * FROM file_task  ORDER BY task_id DESC" func="go-copy-samba/client/models.FindListByTaskId()" file="models/op.go:27"
time="2019-09-27T14:33:23+08:00" level=debug msg="Debugging query: SELECT * FROM file_task  ORDER BY task_id DESC" func="go-copy-samba/client/models.FindListByTaskId()" file="models/op.go:27"
time="2019-09-27T14:35:07+08:00" level=info func="go-copy-samba/websocket.(*Message).OpenDirectory()" file="websocket/msg.go:350" act=opendirectory code=5100 message="act-opendirectory is calling: {\"cmd\":\"opendirectory\",\"opt\":{\"directory\":\"/583/素材/test.mp4\",\"storage_id\":\"\"},\"request_id\":\"app_transfer_4\"}"
time="2019-09-27T14:40:05+08:00" level=info msg="websocket: close 1001 (going away)" func="go-copy-samba/websocket.websocketServe()" file="websocket/server.go:46"
time="2019-09-27T14:40:10+08:00" level=debug msg="Debugging query: SELECT * FROM file_task  ORDER BY task_id DESC" func="go-copy-samba/client/models.FindListByTaskId()" file="models/op.go:27"
time="2019-09-27T14:40:13+08:00" level=info msg="websocket: close 1001 (going away)" func="go-copy-samba/websocket.websocketServe()" file="websocket/server.go:46"
time="2019-09-27T14:40:16+08:00" level=debug msg="Debugging query: SELECT * FROM file_task  ORDER BY task_id DESC" func="go-copy-samba/client/models.FindListByTaskId()" file="models/op.go:27"
time="2019-09-27T14:42:33+08:00" level=info msg="websocket: close 1001 (going away)" func="go-copy-samba/websocket.websocketServe()" file="websocket/server.go:46"
time="2019-09-27T14:42:36+08:00" level=info msg="websocket: close 1001 (going away)" func="go-copy-samba/websocket.websocketServe()" file="websocket/server.go:46"
time="2019-09-27T14:42:40+08:00" level=debug msg="Debugging query: SELECT * FROM file_task  ORDER BY task_id DESC" func="go-copy-samba/client/models.FindListByTaskId()" file="models/op.go:27"
time="2019-09-27T14:45:54+08:00" level=info msg="websocket: close 1001 (going away)" func="go-copy-samba/websocket.websocketServe()" file="websocket/server.go:46"
time="2019-09-27T14:52:14+08:00" level=info msg="websocket: close 1001 (going away)" func="go-copy-samba/websocket.websocketServe()" file="websocket/server.go:46"
time="2019-09-27T14:52:32+08:00" level=info func="go-copy-samba/websocket.(*Message).Login()" file="websocket/msg.go:20" act=login code=5100 message="act-login is calling: {\"cmd\":\"login\",\"opt\":{\"list\":[{\"addr\":\"smb://10.10.1.196/storage\",\"username\":\"smb\",\"password\":\"123456\"}]},\"request_id\":\"app_transfer_2\"}"
time="2019-09-27T14:52:32+08:00" level=debug msg="Debugging query: SELECT * FROM file_task  ORDER BY task_id DESC" func="go-copy-samba/client/models.FindListByTaskId()" file="models/op.go:27"
time="2019-09-27T14:52:53+08:00" level=info msg="websocket: close 1001 (going away)" func="go-copy-samba/websocket.websocketServe()" file="websocket/server.go:46"
time="2019-09-27T14:52:55+08:00" level=debug msg="Debugging query: SELECT * FROM file_task  ORDER BY task_id DESC" func="go-copy-samba/client/models.FindListByTaskId()" file="models/op.go:27"
time="2019-09-27T14:53:00+08:00" level=debug msg="Debugging query: SELECT * FROM file_task  WHERE task_id IN (9) ORDER BY task_id DESC" func="go-copy-samba/client/models.FindListByTaskId()" file="models/op.go:27"
time="2019-09-27T14:53:07+08:00" level=debug msg="Debugging query: SELECT * FROM file_task  WHERE task_id IN (9) ORDER BY task_id DESC" func="go-copy-samba/client/models.FindListByTaskId()" file="models/op.go:27"
time="2019-09-27T14:53:11+08:00" level=debug msg="Debugging query: SELECT * FROM file_task  WHERE task_id IN (9,8,7,6,5,4,3,2,1) ORDER BY task_id DESC" func="go-copy-samba/client/models.FindListByTaskId()" file="models/op.go:27"
time="2019-09-27T14:53:18+08:00" level=debug msg="Debugging query: SELECT * FROM file_task  WHERE task_id IN (9,8,7,6,5,4,3,2,1) ORDER BY task_id DESC" func="go-copy-samba/client/models.FindListByTaskId()" file="models/op.go:27"
time="2019-09-27T14:53:26+08:00" level=debug msg="Debugging query: SELECT * FROM file_task  WHERE task_id IN (9,8,7,6,5,4,3,2,1) ORDER BY task_id DESC" func="go-copy-samba/client/models.FindListByTaskId()" file="models/op.go:27"
time="2019-09-27T14:53:31+08:00" level=debug msg="Debugging query: SELECT * FROM file_task  WHERE task_id IN (9,8,7,6,5,4,3,2,1) ORDER BY task_id DESC" func="go-copy-samba/client/models.FindListByTaskId()" file="models/op.go:27"
time="2019-09-27T14:53:50+08:00" level=info msg="websocket: close 1001 (going away)" func="go-copy-samba/websocket.websocketServe()" file="websocket/server.go:46"
time="2019-09-27T14:53:51+08:00" level=fatal msg="listen tcp :10086: bind: Only one usage of each socket address (protocol/network address/port) is normally permitted." func="go-copy-samba/websocket.OpenWebsocketServe()" file="websocket/server.go:72"
time="2019-09-27T14:53:53+08:00" level=info msg="websocket: close 1001 (going away)" func="go-copy-samba/websocket.websocketServe()" file="websocket/server.go:46"
time="2019-09-27T14:53:57+08:00" level=info msg="websocket: close 1001 (going away)" func="go-copy-samba/websocket.websocketServe()" file="websocket/server.go:46"
time="2019-09-27T15:22:39+08:00" level=info func="go-copy-samba/websocket.(*Message).Login()" file="websocket/msg.go:20" act=login code=5100 message="act-login is calling: {\"cmd\":\"login\",\"opt\":{\"list\":[{\"addr\":\"smb://10.10.1.196/storage\",\"username\":\"smb\",\"password\":\"123456\"}]},\"request_id\":\"app_transfer_1\"}"
time="2019-09-27T15:22:40+08:00" level=debug msg="Debugging query: SELECT * FROM file_task  ORDER BY task_id DESC" func="go-copy-samba/client/models.FindListByTaskId()" file="models/op.go:27"
time="2019-09-27T15:23:40+08:00" level=debug msg="Debugging query: SELECT * FROM file_task  WHERE task_id IN (9) ORDER BY task_id DESC" func="go-copy-samba/client/models.FindListByTaskId()" file="models/op.go:27"
time="2019-09-27T15:24:55+08:00" level=debug msg="Debugging query: SELECT * FROM file_task  ORDER BY task_id DESC" func="go-copy-samba/client/models.FindListByTaskId()" file="models/op.go:27"
time="2019-09-27T15:25:03+08:00" level=info msg="websocket: close 1001 (going away)" func="go-copy-samba/websocket.websocketServe()" file="websocket/server.go:46"
time="2019-09-27T15:26:36+08:00" level=info msg="websocket: close 1001 (going away)" func="go-copy-samba/websocket.websocketServe()" file="websocket/server.go:46"
time="2019-09-27T15:26:38+08:00" level=info msg="websocket: close 1001 (going away)" func="go-copy-samba/websocket.websocketServe()" file="websocket/server.go:46"
time="2019-09-27T15:26:53+08:00" level=info msg="websocket: close 1001 (going away)" func="go-copy-samba/websocket.websocketServe()" file="websocket/server.go:46"
